<?xml version="1.0" encoding="UTF-8"?>
<testsuite xmlns:xsi="http://www.w3.org/2001/XMLSchema-instance" xsi:noNamespaceSchemaLocation="https://maven.apache.org/surefire/maven-surefire-plugin/xsd/surefire-test-report.xsd" name="runner.Testrunner" time="71.163" tests="14" errors="1" skipped="0" failures="1">
  <properties>
[...]
</properties>
  <testcase name="Login with valid credentials #1" classname="Login functionality" time="5.112"/>
  <testcase name="Login with valid credentials #2" classname="Login functionality" time="3.293"/>
  <testcase name="Login with valid credentials #3" classname="Login functionality" time="3.232"/>
  <testcase name="Login with invalid credentials" classname="Login functionality" time="3.277"/>
  <testcase name="Login with valid Email and inavalid password" classname="Login functionality" time="11.739">
    <error message="timeout: Timed out receiving message from renderer: -0.013&#10;  (Session info: chrome=116.0.5845.180)&#10;Build info: version: &apos;4.11.0&apos;, revision: &apos;040bc5406b&apos;&#10;System info: os.name: &apos;Windows 10&apos;, os.arch: &apos;amd64&apos;, os.version: &apos;10.0&apos;, java.version: &apos;17&apos;&#10;Driver info: org.openqa.selenium.chrome.ChromeDriver&#10;Command: [5fe225b4da9a3b422e45290f4fe47ad2, get {url=https://tutorialsninja.com/demo/}]&#10;Capabilities {acceptInsecureCerts: false, browserName: chrome, browserVersion: 116.0.5845.180, chrome: {chromedriverVersion: 116.0.5845.96 (1a3918166880..., userDataDir: C:\Users\mudir\AppData\Loca...}, fedcm:accounts: true, goog:chromeOptions: {debuggerAddress: localhost:52731}, networkConnectionEnabled: false, pageLoadStrategy: normal, platformName: windows, proxy: Proxy(), se:cdp: ws://localhost:52731/devtoo..., se:cdpVersion: 116.0.5845.180, setWindowRect: true, strictFileInteractability: false, timeouts: {implicit: 0, pageLoad: 300000, script: 30000}, unhandledPromptBehavior: dismiss and notify, webauthn:extension:credBlob: true, webauthn:extension:largeBlob: true, webauthn:extension:minPinLength: true, webauthn:extension:prf: true, webauthn:virtualAuthenticators: true}&#10;Session ID: 5fe225b4da9a3b422e45290f4fe47ad2" type="org.openqa.selenium.TimeoutException">org.openqa.selenium.TimeoutException: 
timeout: Timed out receiving message from renderer: -0.013
  (Session info: chrome=116.0.5845.180)
Build info: version: '4.11.0', revision: '040bc5406b'
System info: os.name: 'Windows 10', os.arch: 'amd64', os.version: '10.0', java.version: '17'
Driver info: org.openqa.selenium.chrome.ChromeDriver
Command: [5fe225b4da9a3b422e45290f4fe47ad2, get {url=https://tutorialsninja.com/demo/}]
Capabilities {acceptInsecureCerts: false, browserName: chrome, browserVersion: 116.0.5845.180, chrome: {chromedriverVersion: 116.0.5845.96 (1a3918166880..., userDataDir: C:\Users\mudir\AppData\Loca...}, fedcm:accounts: true, goog:chromeOptions: {debuggerAddress: localhost:52731}, networkConnectionEnabled: false, pageLoadStrategy: normal, platformName: windows, proxy: Proxy(), se:cdp: ws://localhost:52731/devtoo..., se:cdpVersion: 116.0.5845.180, setWindowRect: true, strictFileInteractability: false, timeouts: {implicit: 0, pageLoad: 300000, script: 30000}, unhandledPromptBehavior: dismiss and notify, webauthn:extension:credBlob: true, webauthn:extension:largeBlob: true, webauthn:extension:minPinLength: true, webauthn:extension:prf: true, webauthn:virtualAuthenticators: true}
Session ID: 5fe225b4da9a3b422e45290f4fe47ad2
</error>
    <system-out><![CDATA[
Scenario: Login with valid Email and inavalid password                           &amp#27;[90m# src/test/resources/features/Login.feature:22&amp#27;[0m
      &amp#27;[31morg.openqa.selenium.TimeoutException: timeout: Timed out receiving message from renderer: -0.013
  (Session info: chrome=116.0.5845.180)
Build info: version: '4.11.0', revision: '040bc5406b'
System info: os.name: 'Windows 10', os.arch: 'amd64', os.version: '10.0', java.version: '17'
Driver info: org.openqa.selenium.chrome.ChromeDriver
Command: [5fe225b4da9a3b422e45290f4fe47ad2, get {url=https://tutorialsninja.com/demo/}]
Capabilities {acceptInsecureCerts: false, browserName: chrome, browserVersion: 116.0.5845.180, chrome: {chromedriverVersion: 116.0.5845.96 (1a3918166880..., userDataDir: C:\Users\mudir\AppData\Loca...}, fedcm:accounts: true, goog:chromeOptions: {debuggerAddress: localhost:52731}, networkConnectionEnabled: false, pageLoadStrategy: normal, platformName: windows, proxy: Proxy(), se:cdp: ws://localhost:52731/devtoo..., se:cdpVersion: 116.0.5845.180, setWindowRect: true, strictFileInteractability: false, timeouts: {implicit: 0, pageLoad: 300000, script: 30000}, unhandledPromptBehavior: dismiss and notify, webauthn:extension:credBlob: true, webauthn:extension:largeBlob: true, webauthn:extension:minPinLength: true, webauthn:extension:prf: true, webauthn:virtualAuthenticators: true}
Session ID: 5fe225b4da9a3b422e45290f4fe47ad2
	at java.base/jdk.internal.reflect.NativeConstructorAccessorImpl.newInstance0(Native Method)
	at java.base/jdk.internal.reflect.NativeConstructorAccessorImpl.newInstance(NativeConstructorAccessorImpl.java:77)
	at java.base/jdk.internal.reflect.DelegatingConstructorAccessorImpl.newInstance(DelegatingConstructorAccessorImpl.java:45)
	at java.base/java.lang.reflect.Constructor.newInstanceWithCaller(Constructor.java:499)
	at java.base/java.lang.reflect.Constructor.newInstance(Constructor.java:480)
	at org.openqa.selenium.remote.codec.w3c.W3CHttpResponseCodec.createException(W3CHttpResponseCodec.java:200)
	at org.openqa.selenium.remote.codec.w3c.W3CHttpResponseCodec.decode(W3CHttpResponseCodec.java:133)
	at org.openqa.selenium.remote.codec.w3c.W3CHttpResponseCodec.decode(W3CHttpResponseCodec.java:52)
	at org.openqa.selenium.remote.HttpCommandExecutor.execute(HttpCommandExecutor.java:191)
	at org.openqa.selenium.remote.service.DriverCommandExecutor.invokeExecute(DriverCommandExecutor.java:196)
	at org.openqa.selenium.remote.service.DriverCommandExecutor.execute(DriverCommandExecutor.java:171)
	at org.openqa.selenium.remote.RemoteWebDriver.execute(RemoteWebDriver.java:518)
	at org.openqa.selenium.remote.RemoteWebDriver.get(RemoteWebDriver.java:300)
	at hooks.MyHooks.setup(MyHooks.java:29)
&amp#27;[0m
  &amp#27;[36mGiven &amp#27;[0m&amp#27;[36muser has navigates login page&amp#27;[0m                                            &amp#27;[90m# stepdefinations.Login.user_has_navigates_login_page()&amp#27;[0m
  &amp#27;[36mWhen &amp#27;[0m&amp#27;[36mUser entered valid Emailaddress &amp#27;[0m&amp#27;[36m&amp#27;[1m"varun1234@gmail.com"&amp#27;[0m&amp#27;[36m into the emailfield&amp#27;[0m &amp#27;[90m# stepdefinations.Login.User_entered_valid_Emailaddress_into_the_emailfield(java.lang.String)&amp#27;[0m
  &amp#27;[36mAnd &amp#27;[0m&amp#27;[36muser entered invalid password "&amp#27;[0m&amp#27;[36m&amp#27;[1m97365&amp#27;[0m&amp#27;[36m" into passwordfield&amp#27;[0m                   &amp#27;[90m# stepdefinations.Login.user_entered_invalid_password_into_passwordfield(java.lang.String)&amp#27;[0m
  &amp#27;[36mAnd &amp#27;[0m&amp#27;[36muser clicks on login button&amp#27;[0m                                                &amp#27;[90m# stepdefinations.Login.user_clicks_on_login_button()&amp#27;[0m
  &amp#27;[36mThen &amp#27;[0m&amp#27;[36muser should get a proper warning message about credentials missmatch&amp#27;[0m      &amp#27;[90m# stepdefinations.Login.user_should_get_a_proper_warning_message_about_credentials_missmatch()&amp#27;[0m

    Embedding Login_with_valid_Email_and_inavalid_password [image/png 8125 bytes]

]]></system-out>
    <system-err><![CDATA[Sep 11, 2023 1:55:25 PM org.openqa.selenium.devtools.CdpVersionFinder findNearestMatch
WARNING: Unable to find an exact match for CDP version 116, so returning the closest version found: 115
]]></system-err>
  </testcase>
  <testcase name="Login with invalid Emailaddress and valid password" classname="Login functionality" time="3.957"/>
  <testcase name="Login with without providing any credentials" classname="Login functionality" time="3.343"/>
  <testcase name="User create Account with mandotory fields" classname="Registration Functionality" time="4.858"/>
  <testcase name="User create Account with all fields" classname="Registration Functionality" time="14.018"/>
  <testcase name="User create A duplicate Account" classname="Registration Functionality" time="4.369"/>
  <testcase name="user creates an account without filling anydetails" classname="Registration Functionality" time="2.994"/>
  <testcase name="user searches for a valid product" classname="Search functionality" time="2.924">
    <failure type="java.lang.AssertionError">java.lang.AssertionError
</failure>
    <system-out><![CDATA[
Scenario: user searches for a valid product                      &amp#27;[90m# src/test/resources/features/Search.feature:4&amp#27;[0m
  &amp#27;[32mGiven &amp#27;[0m&amp#27;[32muser open the application&amp#27;[0m                                &amp#27;[90m# stepdefinations.Search.user_open_the_application()&amp#27;[0m
  &amp#27;[32mWhen &amp#27;[0m&amp#27;[32muser enters valid product &amp#27;[0m&amp#27;[32m&amp#27;[1m"HP"&amp#27;[0m&amp#27;[32m into searchbox field&amp#27;[0m       &amp#27;[90m# stepdefinations.Search.user_enters_valid_product_into_searchbox_field(java.lang.String)&amp#27;[0m
  &amp#27;[32mAnd &amp#27;[0m&amp#27;[32muser clicks on searchbox button&amp#27;[0m                            &amp#27;[90m# stepdefinations.Search.user_clicks_on_searchbox_button()&amp#27;[0m
  &amp#27;[31mThen &amp#27;[0m&amp#27;[31muser should get valid product displayed in search results&amp#27;[0m &amp#27;[90m# stepdefinations.Search.user_should_get_valid_product_displayed_in_search_results()&amp#27;[0m
      &amp#27;[31mjava.lang.AssertionError
	at org.junit.Assert.fail(Assert.java:86)
	at org.junit.Assert.fail(Assert.java:95)
	at stepdefinations.Search.user_should_get_valid_product_displayed_in_search_results(Search.java:43)
	at âœ½.user should get valid product displayed in search results(file:///C:/Users/mudir/OneDrive/tutorialninja_CucumberFramework/src/test/resources/features/Search.feature:8)
&amp#27;[0m

    Embedding user_searches_for_a_valid_product [image/png 104342 bytes]

]]></system-out>
    <system-err><![CDATA[Sep 11, 2023 1:56:10 PM org.openqa.selenium.devtools.CdpVersionFinder findNearestMatch
WARNING: Unable to find an exact match for CDP version 116, so returning the closest version found: 115
]]></system-err>
  </testcase>
  <testcase name="user searches for a invalid product" classname="Search functionality" time="2.496"/>
  <testcase name="user searches without any product" classname="Search functionality" time="2.282"/>
</testsuite>